[INFO ] 2022-08-21 16:05:17.874 [main] MyProject1 - URL is opened
[INFO ] 2022-08-21 16:05:19.001 [main] MyProject1 - -----------------Verfiying Buy product test execution started-----------------
[INFO ] 2022-08-21 16:05:22.062 [main] MyProject1 - Clicked on the sign in button
[INFO ] 2022-08-21 16:05:22.227 [main] MyProject1 - Entered registered email address
[INFO ] 2022-08-21 16:05:22.348 [main] MyProject1 - Entered registered user password
[INFO ] 2022-08-21 16:05:24.851 [main] MyProject1 - Clicked on Login Button
[INFO ] 2022-08-21 16:05:24.888 [main] MyProject1 - Verification Login :Passed
[INFO ] 2022-08-21 16:05:25.020 [main] MyProject1 - Entered the T-shirts in the search box
[INFO ] 2022-08-21 16:05:28.266 [main] MyProject1 - Clicked on the search button
[INFO ] 2022-08-21 16:05:31.631 [main] MyProject1 - Clicked on the More button
[INFO ] 2022-08-21 16:05:36.793 [main] MyProject1 - Entered the 2 quantities
[INFO ] 2022-08-21 16:05:36.969 [main] MyProject1 - Size M is selected
[INFO ] 2022-08-21 16:05:37.065 [main] MyProject1 - Clicked on Add to cart button
[INFO ] 2022-08-21 16:05:47.185 [main] MyProject1 - -----------------Verfiying Buy product test execution started-----------------
[INFO ] 2022-08-21 16:06:06.878 [main] MyProject1 - Clicked on the sign in button
[INFO ] 2022-08-21 16:06:06.980 [main] MyProject1 - Entered registered email address
[INFO ] 2022-08-21 16:06:07.095 [main] MyProject1 - Entered registered user password
[INFO ] 2022-08-21 16:06:08.836 [main] MyProject1 - Clicked on Login Button
[INFO ] 2022-08-21 17:41:12.914 [main] MyProject1 - URL is opened
[INFO ] 2022-08-21 17:41:13.984 [main] MyProject1 - -----------------Verfiying Buy product test execution started-----------------
[INFO ] 2022-08-21 17:41:22.784 [main] MyProject1 - Clicked on the sign in button
[INFO ] 2022-08-21 17:41:22.940 [main] MyProject1 - Entered registered email address
[INFO ] 2022-08-21 17:41:23.046 [main] MyProject1 - Entered registered user password
[INFO ] 2022-08-21 17:41:37.052 [main] MyProject1 - Clicked on Login Button
[INFO ] 2022-08-21 17:41:37.083 [main] MyProject1 - Verification Login :Passed
[INFO ] 2022-08-21 17:41:37.221 [main] MyProject1 - Entered the T-shirts in the search box
[INFO ] 2022-08-21 17:41:47.619 [main] MyProject1 - Clicked on the search button
[INFO ] 2022-08-21 17:41:56.590 [main] MyProject1 - Clicked on the More button
[INFO ] 2022-08-21 17:42:01.764 [main] MyProject1 - Entered the 2 quantities
[INFO ] 2022-08-21 17:42:01.972 [main] MyProject1 - Size M is selected
[INFO ] 2022-08-21 17:42:02.092 [main] MyProject1 - Clicked on Add to cart button
[INFO ] 2022-08-21 17:42:09.308 [main] MyProject1 - Clicked on Proceed to Checkout button
[INFO ] 2022-08-21 17:42:19.420 [main] MyProject1 - -----------------Verfiying Buy product test execution started-----------------
[INFO ] 2022-08-21 17:57:23.624 [main] MyProject1 - URL is opened
[INFO ] 2022-08-21 17:57:25.146 [main] MyProject1 - -----------------Verfiying Buy product test execution started-----------------
[INFO ] 2022-08-21 17:57:29.039 [main] MyProject1 - Clicked on the sign in button
[INFO ] 2022-08-21 17:57:29.219 [main] MyProject1 - Entered registered email address
[INFO ] 2022-08-21 17:57:29.366 [main] MyProject1 - Entered registered user password
[INFO ] 2022-08-21 17:57:32.108 [main] MyProject1 - Clicked on Login Button
[INFO ] 2022-08-21 17:57:32.168 [main] MyProject1 - Verification Login :Passed
[INFO ] 2022-08-21 17:57:32.313 [main] MyProject1 - Entered the T-shirts in the search box
[INFO ] 2022-08-21 17:57:36.231 [main] MyProject1 - Clicked on the search button
[INFO ] 2022-08-21 17:57:42.838 [main] MyProject1 - Clicked on the More button
[INFO ] 2022-08-21 17:57:48.036 [main] MyProject1 - Entered the 2 quantities
[INFO ] 2022-08-21 17:57:48.306 [main] MyProject1 - Size M is selected
[INFO ] 2022-08-21 17:57:48.458 [main] MyProject1 - Clicked on Add to cart button
[INFO ] 2022-08-21 17:57:54.500 [main] MyProject1 - Clicked on Proceed to Checkout button on product page
[INFO ] 2022-08-21 17:57:58.322 [main] MyProject1 - Clicked on Proceed to Checkout button on order summary page
[INFO ] 2022-08-21 17:58:08.493 [main] MyProject1 - -----------------Verfiying Buy product test execution started-----------------
[INFO ] 2022-08-21 18:06:18.944 [main] MyProject1 - URL is opened
[INFO ] 2022-08-21 18:06:19.597 [main] MyProject1 - -----------------Verfiying Buy product test execution started-----------------
[INFO ] 2022-08-21 18:06:23.034 [main] MyProject1 - Clicked on the sign in button
[INFO ] 2022-08-21 18:06:23.124 [main] MyProject1 - Entered registered email address
[INFO ] 2022-08-21 18:06:23.195 [main] MyProject1 - Entered registered user password
[INFO ] 2022-08-21 18:06:25.205 [main] MyProject1 - Clicked on Login Button
[INFO ] 2022-08-21 18:06:25.221 [main] MyProject1 - Verification Login :Passed
[INFO ] 2022-08-21 18:06:25.296 [main] MyProject1 - Entered the T-shirts in the search box
[INFO ] 2022-08-21 18:06:27.479 [main] MyProject1 - Clicked on the search button
[INFO ] 2022-08-21 18:06:31.572 [main] MyProject1 - Clicked on the More button
[INFO ] 2022-08-21 18:06:36.663 [main] MyProject1 - Entered the 2 quantities
[INFO ] 2022-08-21 18:06:36.780 [main] MyProject1 - Size M is selected
[INFO ] 2022-08-21 18:06:36.846 [main] MyProject1 - Clicked on Add to cart button
[INFO ] 2022-08-21 18:06:41.458 [main] MyProject1 - Clicked on Proceed to Checkout button on product page
[INFO ] 2022-08-21 18:06:43.137 [main] MyProject1 - Clicked on Proceed to Checkout button on order summary page
[INFO ] 2022-08-21 18:06:48.199 [main] MyProject1 - Clicked on Proceed to Checkout button on address tab
[INFO ] 2022-08-21 18:06:48.245 [main] MyProject1 - Clicked on T&C checkbox
[INFO ] 2022-08-21 18:06:52.693 [main] MyProject1 - Clicked on Proceed to Checkout button order shipping page
[INFO ] 2022-08-21 18:06:54.390 [main] MyProject1 - Clicked on pay be cheque
[INFO ] 2022-08-21 18:07:05.603 [main] MyProject1 - Clicked on confirm order button
[INFO ] 2022-08-21 18:07:05.619 [main] MyProject1 -  Buy Product Test Case : Passed
[INFO ] 2022-08-21 18:07:13.124 [main] MyProject1 - -----------------Verfiying Buy Product test execution ended-----------------
[INFO ] 2022-08-21 18:07:13.139 [main] MyProject1 - -----------------Verfiying Buy product test execution started-----------------
[INFO ] 2022-08-21 18:07:22.263 [main] MyProject1 - Clicked on the sign in button
[INFO ] 2022-08-21 18:07:22.307 [main] MyProject1 - Entered registered email address
[INFO ] 2022-08-21 18:07:22.385 [main] MyProject1 - Entered registered user password
[INFO ] 2022-08-21 18:07:26.386 [main] MyProject1 - Clicked on Login Button
[INFO ] 2022-08-27 14:09:11.397 [main] MyProject1 - URL is opened
[INFO ] 2022-08-27 14:09:12.795 [main] MyProject1 - -----------------Verfiying Buy product test execution started-----------------
[INFO ] 2022-08-27 14:09:16.487 [main] MyProject1 - Clicked on the sign in button
[INFO ] 2022-08-27 14:09:16.644 [main] MyProject1 - Entered registered email address
[INFO ] 2022-08-27 14:09:16.788 [main] MyProject1 - Entered registered user password
[INFO ] 2022-08-27 14:09:19.605 [main] MyProject1 - Clicked on Login Button
[INFO ] 2022-08-27 14:09:19.662 [main] MyProject1 - Verification Login :Passed
[INFO ] 2022-08-27 14:09:19.774 [main] MyProject1 - Entered the T-shirts in the search box
[INFO ] 2022-08-27 14:09:22.372 [main] MyProject1 - Clicked on the search button
[INFO ] 2022-08-27 14:09:26.016 [main] MyProject1 - Clicked on the More button
[INFO ] 2022-08-27 14:09:31.157 [main] MyProject1 - Entered the 2 quantities
[INFO ] 2022-08-27 14:09:31.327 [main] MyProject1 - Size M is selected
[INFO ] 2022-08-27 14:09:31.431 [main] MyProject1 - Clicked on Add to cart button
[INFO ] 2022-08-27 14:09:35.915 [main] MyProject1 - Clicked on Proceed to Checkout button on product page
[INFO ] 2022-08-27 14:09:37.809 [main] MyProject1 - Clicked on Proceed to Checkout button on order summary page
[INFO ] 2022-08-27 14:09:41.771 [main] MyProject1 - Clicked on Proceed to Checkout button on address tab
[INFO ] 2022-08-27 14:09:41.848 [main] MyProject1 - Clicked on T&C checkbox
[INFO ] 2022-08-27 14:09:43.789 [main] MyProject1 - Clicked on Proceed to Checkout button order shipping page
[INFO ] 2022-08-27 14:09:45.825 [main] MyProject1 - Clicked on pay be cheque
[INFO ] 2022-08-27 14:09:49.413 [main] MyProject1 - Clicked on confirm order button
[INFO ] 2022-08-27 14:09:49.464 [main] MyProject1 -  Buy Product Test Case : Passed
[INFO ] 2022-08-27 14:09:54.667 [main] MyProject1 - -----------------Verfiying Buy Product test execution ended-----------------
[INFO ] 2022-08-27 14:09:54.723 [main] MyProject1 - -----------------Verfiying Buy product test execution started-----------------
[INFO ] 2022-08-27 14:09:57.602 [main] MyProject1 - Clicked on the sign in button
[INFO ] 2022-08-27 14:09:57.797 [main] MyProject1 - Entered registered email address
[INFO ] 2022-08-27 14:09:57.921 [main] MyProject1 - Entered registered user password
[INFO ] 2022-08-27 14:10:01.379 [main] MyProject1 - Clicked on Login Button
[INFO ] 2022-08-27 14:10:01.417 [main] MyProject1 - Verification Login :Passed
[INFO ] 2022-08-27 14:10:01.526 [main] MyProject1 - Entered the T-shirts in the search box
[INFO ] 2022-08-27 14:10:03.477 [main] MyProject1 - Clicked on the search button
[INFO ] 2022-08-27 14:10:05.710 [main] MyProject1 - Clicked on the More button
[INFO ] 2022-08-27 14:10:10.880 [main] MyProject1 - Entered the 2 quantities
[INFO ] 2022-08-27 14:10:11.086 [main] MyProject1 - Size M is selected
[INFO ] 2022-08-27 14:10:11.230 [main] MyProject1 - Clicked on Add to cart button
[INFO ] 2022-08-27 14:10:14.227 [main] MyProject1 - Clicked on Proceed to Checkout button on product page
[INFO ] 2022-08-27 14:10:15.519 [main] MyProject1 - Clicked on Proceed to Checkout button on order summary page
[INFO ] 2022-08-27 14:10:19.426 [main] MyProject1 - Clicked on Proceed to Checkout button on address tab
[INFO ] 2022-08-27 14:10:19.535 [main] MyProject1 - Clicked on T&C checkbox
[INFO ] 2022-08-27 14:10:23.002 [main] MyProject1 - Clicked on Proceed to Checkout button order shipping page
[INFO ] 2022-08-27 14:10:26.362 [main] MyProject1 - Clicked on pay be cheque
[INFO ] 2022-08-27 14:10:33.232 [main] MyProject1 - Clicked on confirm order button
[INFO ] 2022-08-27 14:10:33.271 [main] MyProject1 -  Buy Product Test Case : Passed
[INFO ] 2022-08-27 14:10:39.377 [main] MyProject1 - -----------------Verfiying Buy Product test execution ended-----------------
[INFO ] 2022-08-27 14:12:28.030 [main] MyProject1 - URL is opened
[INFO ] 2022-08-27 14:12:28.739 [main] MyProject1 - -----------------Verfiying Buy product test execution started-----------------
[INFO ] 2022-08-27 14:12:32.708 [main] MyProject1 - Clicked on the sign in button
[INFO ] 2022-08-27 14:12:32.785 [main] MyProject1 - Entered registered email address
[INFO ] 2022-08-27 14:12:32.857 [main] MyProject1 - Entered registered user password
[INFO ] 2022-08-27 14:12:35.369 [main] MyProject1 - Clicked on Login Button
[INFO ] 2022-08-27 14:12:35.406 [main] MyProject1 - Verification Login :Passed
[INFO ] 2022-08-27 14:12:35.474 [main] MyProject1 - Entered the T-shirts in the search box
[INFO ] 2022-08-27 14:12:39.013 [main] MyProject1 - Clicked on the search button
[INFO ] 2022-08-27 14:12:41.898 [main] MyProject1 - Clicked on the More button
[INFO ] 2022-08-27 14:12:46.985 [main] MyProject1 - Entered the 2 quantities
[INFO ] 2022-08-27 14:12:47.117 [main] MyProject1 - Size M is selected
[INFO ] 2022-08-27 14:12:47.188 [main] MyProject1 - Clicked on Add to cart button
[INFO ] 2022-08-27 14:12:52.004 [main] MyProject1 - Clicked on Proceed to Checkout button on product page
[INFO ] 2022-08-27 14:12:54.638 [main] MyProject1 - Clicked on Proceed to Checkout button on order summary page
[INFO ] 2022-08-27 14:12:58.214 [main] MyProject1 - Clicked on Proceed to Checkout button on address tab
[INFO ] 2022-08-27 14:12:58.266 [main] MyProject1 - Clicked on T&C checkbox
[INFO ] 2022-08-27 14:13:01.514 [main] MyProject1 - Clicked on Proceed to Checkout button order shipping page
[INFO ] 2022-08-27 14:13:02.989 [main] MyProject1 - Clicked on pay be cheque
[INFO ] 2022-08-27 14:13:05.978 [main] MyProject1 - Clicked on confirm order button
[INFO ] 2022-08-27 14:13:06.000 [main] MyProject1 -  Buy Product Test Case : Passed
[INFO ] 2022-08-27 14:13:10.394 [main] MyProject1 - -----------------Verfiying Buy Product test execution ended-----------------
[INFO ] 2022-08-27 14:13:10.402 [main] MyProject1 - -----------------Verfiying Buy product test execution started-----------------
[INFO ] 2022-08-27 14:13:12.289 [main] MyProject1 - Clicked on the sign in button
[INFO ] 2022-08-27 14:13:12.378 [main] MyProject1 - Entered registered email address
[INFO ] 2022-08-27 14:13:12.443 [main] MyProject1 - Entered registered user password
[INFO ] 2022-08-27 14:13:15.246 [main] MyProject1 - Clicked on Login Button
[INFO ] 2022-08-27 14:13:15.268 [main] MyProject1 - Verification Login :Passed
[INFO ] 2022-08-27 14:13:15.328 [main] MyProject1 - Entered the T-shirts in the search box
[INFO ] 2022-08-27 14:13:18.866 [main] MyProject1 - Clicked on the search button
[INFO ] 2022-08-27 14:13:20.214 [main] MyProject1 - Clicked on the More button
[INFO ] 2022-08-27 14:13:25.308 [main] MyProject1 - Entered the 2 quantities
[INFO ] 2022-08-27 14:13:25.424 [main] MyProject1 - Size M is selected
[INFO ] 2022-08-27 14:13:25.480 [main] MyProject1 - Clicked on Add to cart button
[INFO ] 2022-08-27 14:13:29.821 [main] MyProject1 - Clicked on Proceed to Checkout button on product page
[INFO ] 2022-08-27 14:13:35.353 [main] MyProject1 - Clicked on Proceed to Checkout button on order summary page
[INFO ] 2022-08-27 14:13:42.435 [main] MyProject1 - Clicked on Proceed to Checkout button on address tab
[INFO ] 2022-08-27 14:13:42.493 [main] MyProject1 - Clicked on T&C checkbox
[INFO ] 2022-08-27 14:13:45.070 [main] MyProject1 - Clicked on Proceed to Checkout button order shipping page
[INFO ] 2022-08-27 14:13:48.186 [main] MyProject1 - Clicked on pay be cheque
[INFO ] 2022-08-27 14:13:57.254 [main] MyProject1 - Clicked on confirm order button
[INFO ] 2022-08-27 14:13:57.270 [main] MyProject1 -  Buy Product Test Case : Passed
[INFO ] 2022-08-27 14:14:03.313 [main] MyProject1 - -----------------Verfiying Buy Product test execution ended-----------------
[INFO ] 2022-08-27 14:29:20.157 [main] MyProject1 - URL is opened
[INFO ] 2022-08-27 14:29:20.919 [main] MyProject1 - -----------------Verfiying Buy product test execution started-----------------
[INFO ] 2022-08-27 14:29:24.004 [main] MyProject1 - Clicked on the sign in button
[INFO ] 2022-08-27 14:29:24.120 [main] MyProject1 - Entered registered email address
[INFO ] 2022-08-27 14:29:24.204 [main] MyProject1 - Entered registered user password
[INFO ] 2022-08-27 14:29:30.229 [main] MyProject1 - Clicked on Login Button
[INFO ] 2022-08-27 14:29:30.259 [main] MyProject1 - Verification Login :Passed
[INFO ] 2022-08-27 14:29:30.327 [main] MyProject1 - Entered the T-shirts in the search box
[INFO ] 2022-08-27 14:29:34.479 [main] MyProject1 - Clicked on the search button
[INFO ] 2022-08-27 14:29:40.239 [main] MyProject1 - Clicked on the More button
[INFO ] 2022-08-27 14:29:45.329 [main] MyProject1 - Entered the 2 quantities
[INFO ] 2022-08-27 14:29:45.429 [main] MyProject1 - Size M is selected
[INFO ] 2022-08-27 14:29:45.479 [main] MyProject1 - Clicked on Add to cart button
[INFO ] 2022-08-27 14:29:51.676 [main] MyProject1 - Clicked on Proceed to Checkout button on product page
[INFO ] 2022-08-27 14:29:55.683 [main] MyProject1 - Clicked on Proceed to Checkout button on order summary page
[INFO ] 2022-08-27 14:30:00.649 [main] MyProject1 - Clicked on Proceed to Checkout button on address tab
[INFO ] 2022-08-27 14:30:00.700 [main] MyProject1 - Clicked on T&C checkbox
[INFO ] 2022-08-27 14:30:03.847 [main] MyProject1 - Clicked on Proceed to Checkout button order shipping page
[INFO ] 2022-08-27 14:30:06.030 [main] MyProject1 - Clicked on pay be cheque
[INFO ] 2022-08-27 14:30:10.129 [main] MyProject1 - Clicked on confirm order button
[INFO ] 2022-08-27 14:30:10.162 [main] MyProject1 -  Buy Product Test Case : Passed
[INFO ] 2022-08-27 14:30:14.449 [main] MyProject1 - -----------------Verfiying Buy Product test execution ended-----------------
[INFO ] 2022-08-27 14:30:14.464 [main] MyProject1 - -----------------Verfiying Buy product test execution started-----------------
[INFO ] 2022-08-27 14:30:17.171 [main] MyProject1 - Clicked on the sign in button
[INFO ] 2022-08-27 14:30:17.247 [main] MyProject1 - Entered registered email address
[INFO ] 2022-08-27 14:30:17.313 [main] MyProject1 - Entered registered user password
[INFO ] 2022-08-27 14:30:21.119 [main] MyProject1 - Clicked on Login Button
[INFO ] 2022-08-27 14:30:21.150 [main] MyProject1 - Verification Login :Passed
[INFO ] 2022-08-27 14:30:21.202 [main] MyProject1 - Entered the T-shirts in the search box
[INFO ] 2022-08-27 14:30:26.570 [main] MyProject1 - Clicked on the search button
[INFO ] 2022-08-27 14:30:30.909 [main] MyProject1 - Clicked on the More button
[INFO ] 2022-08-27 14:30:36.010 [main] MyProject1 - Entered the 2 quantities
[INFO ] 2022-08-27 14:30:36.113 [main] MyProject1 - Size M is selected
[INFO ] 2022-08-27 14:30:36.162 [main] MyProject1 - Clicked on Add to cart button
[INFO ] 2022-08-27 14:30:43.191 [main] MyProject1 - Clicked on Proceed to Checkout button on product page
[INFO ] 2022-08-27 14:30:48.179 [main] MyProject1 - Clicked on Proceed to Checkout button on order summary page
[INFO ] 2022-08-27 14:30:55.067 [main] MyProject1 - Clicked on Proceed to Checkout button on address tab
[INFO ] 2022-08-27 14:30:55.115 [main] MyProject1 - Clicked on T&C checkbox
[INFO ] 2022-08-27 14:30:58.680 [main] MyProject1 - Clicked on Proceed to Checkout button order shipping page
[INFO ] 2022-08-27 14:31:01.731 [main] MyProject1 - Clicked on pay be cheque
[INFO ] 2022-08-27 14:31:06.447 [main] MyProject1 - Clicked on confirm order button
[INFO ] 2022-08-27 14:31:06.471 [main] MyProject1 -  Buy Product Test Case : Passed
[INFO ] 2022-08-27 14:31:10.625 [main] MyProject1 - -----------------Verfiying Buy Product test execution ended-----------------
[INFO ] 2022-08-27 14:46:15.118 [main] MyProject1 - URL is opened
[INFO ] 2022-08-27 14:46:15.832 [main] MyProject1 - -----------------Verfiying Buy product test execution started-----------------
[INFO ] 2022-08-27 14:46:18.424 [main] MyProject1 - Clicked on the sign in button
[INFO ] 2022-08-27 14:46:18.542 [main] MyProject1 - Entered registered email address
[INFO ] 2022-08-27 14:46:18.629 [main] MyProject1 - Entered registered user password
[INFO ] 2022-08-27 14:46:20.993 [main] MyProject1 - Clicked on Login Button
[INFO ] 2022-08-27 14:46:21.013 [main] MyProject1 - Verification Login :Passed
[INFO ] 2022-08-27 14:46:21.077 [main] MyProject1 - Entered the T-shirts in the search box
[INFO ] 2022-08-27 14:46:23.216 [main] MyProject1 - Clicked on the search button
[INFO ] 2022-08-27 14:46:27.009 [main] MyProject1 - Clicked on the More button
[INFO ] 2022-08-27 14:46:32.113 [main] MyProject1 - Entered the 2 quantities
[INFO ] 2022-08-27 14:46:32.233 [main] MyProject1 - Size M is selected
[INFO ] 2022-08-27 14:46:32.297 [main] MyProject1 - Clicked on Add to cart button
[INFO ] 2022-08-27 14:46:36.796 [main] MyProject1 - Clicked on Proceed to Checkout button on product page
[INFO ] 2022-08-27 14:46:38.663 [main] MyProject1 - Clicked on Proceed to Checkout button on order summary page
[INFO ] 2022-08-27 14:46:42.816 [main] MyProject1 - Clicked on Proceed to Checkout button on address tab
[INFO ] 2022-08-27 14:46:42.872 [main] MyProject1 - Clicked on T&C checkbox
[INFO ] 2022-08-27 14:46:46.828 [main] MyProject1 - Clicked on Proceed to Checkout button order shipping page
[INFO ] 2022-08-27 14:46:49.449 [main] MyProject1 - Clicked on pay be cheque
[INFO ] 2022-08-27 14:46:59.150 [main] MyProject1 - Clicked on confirm order button
[INFO ] 2022-08-27 14:46:59.175 [main] MyProject1 -  Buy Product Test Case : Passed
[INFO ] 2022-08-27 14:47:17.619 [main] MyProject1 - -----------------Verfiying Buy Product test execution ended-----------------
[INFO ] 2022-08-27 14:47:17.627 [main] MyProject1 - -----------------Verfiying Buy product test execution started-----------------
[INFO ] 2022-08-27 14:47:20.266 [main] MyProject1 - Clicked on the sign in button
[INFO ] 2022-08-27 14:47:20.362 [main] MyProject1 - Entered registered email address
[INFO ] 2022-08-27 14:47:20.426 [main] MyProject1 - Entered registered user password
[INFO ] 2022-08-27 14:47:24.074 [main] MyProject1 - Clicked on Login Button
[INFO ] 2022-08-27 14:47:24.101 [main] MyProject1 - Verification Login :Passed
[INFO ] 2022-08-27 14:47:24.166 [main] MyProject1 - Entered the T-shirts in the search box
[INFO ] 2022-08-27 14:47:27.060 [main] MyProject1 - Clicked on the search button
[INFO ] 2022-08-27 14:47:30.501 [main] MyProject1 - Clicked on the More button
[INFO ] 2022-08-27 14:47:35.587 [main] MyProject1 - Entered the 2 quantities
[INFO ] 2022-08-27 14:47:35.695 [main] MyProject1 - Size M is selected
[INFO ] 2022-08-27 14:47:35.767 [main] MyProject1 - Clicked on Add to cart button
[INFO ] 2022-08-27 14:47:39.295 [main] MyProject1 - Clicked on Proceed to Checkout button on product page
[INFO ] 2022-08-27 14:47:40.619 [main] MyProject1 - Clicked on Proceed to Checkout button on order summary page
[INFO ] 2022-08-27 14:47:43.975 [main] MyProject1 - Clicked on Proceed to Checkout button on address tab
[INFO ] 2022-08-27 14:47:44.026 [main] MyProject1 - Clicked on T&C checkbox
[INFO ] 2022-08-27 14:47:45.193 [main] MyProject1 - Clicked on Proceed to Checkout button order shipping page
[INFO ] 2022-08-27 14:47:46.963 [main] MyProject1 - Clicked on pay be cheque
[INFO ] 2022-08-27 14:47:51.473 [main] MyProject1 - Clicked on confirm order button
[INFO ] 2022-08-27 14:47:51.490 [main] MyProject1 -  Buy Product Test Case : Passed
[INFO ] 2022-08-27 14:47:59.896 [main] MyProject1 - -----------------Verfiying Buy Product test execution ended-----------------
[INFO ] 2022-08-27 15:41:54.486 [main] MyProject1 - URL is opened
[INFO ] 2022-08-27 15:41:55.904 [main] MyProject1 - -----------------Verfiying Buy product test execution started-----------------
[INFO ] 2022-08-27 15:42:00.173 [main] MyProject1 - Clicked on the sign in button
[INFO ] 2022-08-27 15:42:00.366 [main] MyProject1 - Entered registered email address
[INFO ] 2022-08-27 15:42:00.505 [main] MyProject1 - Entered registered user password
[INFO ] 2022-08-27 15:42:03.108 [main] MyProject1 - Clicked on Login Button
[INFO ] 2022-08-27 15:42:03.153 [main] MyProject1 - Verification Login :Passed
[INFO ] 2022-08-27 15:42:03.235 [main] MyProject1 - Entered the T-shirts in the search box
[INFO ] 2022-08-27 15:42:08.365 [main] MyProject1 - Clicked on the search button
[INFO ] 2022-08-27 15:42:08.450 [main] MyProject1 - -----------------Verfiying Buy product test execution started-----------------
[INFO ] 2022-08-27 15:49:01.044 [main] MyProject1 - URL is opened
[INFO ] 2022-08-27 15:49:01.754 [main] MyProject1 - -----------------Verfiying Buy product test execution started-----------------
[INFO ] 2022-08-27 15:49:08.803 [main] MyProject1 - Clicked on the sign in button
[INFO ] 2022-08-27 15:49:08.868 [main] MyProject1 - Entered registered email address
[INFO ] 2022-08-27 15:49:08.925 [main] MyProject1 - Entered registered user password
[INFO ] 2022-08-27 15:49:13.618 [main] MyProject1 - Clicked on Login Button
[INFO ] 2022-08-27 15:49:13.649 [main] MyProject1 - Verification Login :Passed
[INFO ] 2022-08-27 15:49:13.697 [main] MyProject1 - Entered the T-shirts in the search box
[INFO ] 2022-08-27 15:49:15.841 [main] MyProject1 - Clicked on the search button
[INFO ] 2022-08-27 15:49:18.451 [main] MyProject1 - Clicked on the More button
[INFO ] 2022-08-27 15:49:23.521 [main] MyProject1 - Entered the 2 quantities
[INFO ] 2022-08-27 15:49:23.622 [main] MyProject1 - Size M is selected
[INFO ] 2022-08-27 15:49:23.666 [main] MyProject1 - Clicked on Add to cart button
[INFO ] 2022-08-27 15:49:28.179 [main] MyProject1 - Clicked on Proceed to Checkout button on product page
[INFO ] 2022-08-27 15:49:30.371 [main] MyProject1 - Clicked on Proceed to Checkout button on order summary page
[INFO ] 2022-08-27 15:49:34.508 [main] MyProject1 - Clicked on Proceed to Checkout button on address tab
[INFO ] 2022-08-27 15:49:34.556 [main] MyProject1 - Clicked on T&C checkbox
[INFO ] 2022-08-27 15:49:36.914 [main] MyProject1 - Clicked on Proceed to Checkout button order shipping page
[INFO ] 2022-08-27 15:49:38.140 [main] MyProject1 - Clicked on pay be cheque
[INFO ] 2022-08-27 15:49:41.515 [main] MyProject1 - Clicked on confirm order button
[INFO ] 2022-08-27 15:49:41.535 [main] MyProject1 -  Buy Product Test Case : Passed
[INFO ] 2022-08-27 15:49:47.615 [main] MyProject1 - -----------------Verfiying Buy Product test execution ended-----------------
[INFO ] 2022-08-27 15:49:47.627 [main] MyProject1 - -----------------Verfiying Buy product test execution started-----------------
[INFO ] 2022-08-27 15:49:50.206 [main] MyProject1 - Clicked on the sign in button
[INFO ] 2022-08-27 15:49:50.283 [main] MyProject1 - Entered registered email address
[INFO ] 2022-08-27 15:49:50.332 [main] MyProject1 - Entered registered user password
[INFO ] 2022-08-27 15:49:53.798 [main] MyProject1 - Clicked on Login Button
[INFO ] 2022-08-27 15:49:53.822 [main] MyProject1 - Verification Login :Passed
[INFO ] 2022-08-27 15:49:53.871 [main] MyProject1 - Entered the T-shirts in the search box
[INFO ] 2022-08-27 15:49:55.549 [main] MyProject1 - Clicked on the search button
[INFO ] 2022-08-27 15:49:56.776 [main] MyProject1 - Clicked on the More button
[INFO ] 2022-08-27 15:50:01.846 [main] MyProject1 - Entered the 2 quantities
[INFO ] 2022-08-27 15:50:01.924 [main] MyProject1 - Size M is selected
[INFO ] 2022-08-27 15:50:01.965 [main] MyProject1 - Clicked on Add to cart button
[INFO ] 2022-08-27 15:50:05.321 [main] MyProject1 - Clicked on Proceed to Checkout button on product page
[INFO ] 2022-08-27 15:50:06.941 [main] MyProject1 - Clicked on Proceed to Checkout button on order summary page
[INFO ] 2022-08-27 15:50:10.088 [main] MyProject1 - Clicked on Proceed to Checkout button on address tab
[INFO ] 2022-08-27 15:50:10.137 [main] MyProject1 - Clicked on T&C checkbox
[INFO ] 2022-08-27 15:50:11.233 [main] MyProject1 - Clicked on Proceed to Checkout button order shipping page
[INFO ] 2022-08-27 15:50:12.343 [main] MyProject1 - Clicked on pay be cheque
[INFO ] 2022-08-27 15:50:15.050 [main] MyProject1 - Clicked on confirm order button
[INFO ] 2022-08-27 15:50:15.067 [main] MyProject1 -  Buy Product Test Case : Passed
[INFO ] 2022-08-27 15:50:18.119 [main] MyProject1 - -----------------Verfiying Buy Product test execution ended-----------------
